<?xml version="1.0" encoding="UTF-8"?>
<testsuite xmlns:xsi="http://www.w3.org/2001/XMLSchema-instance" xsi:noNamespaceSchemaLocation="https://maven.apache.org/surefire/maven-surefire-plugin/xsd/surefire-test-report-3.0.xsd" version="3.0" name="com.FutbolCrud.demo.App.ProyectoFutbolSpringApplicationTests" time="10.315" tests="1" errors="0" skipped="0" failures="0">
  <properties>
[...]
</properties>
  <testcase name="contextLoads" classname="com.FutbolCrud.demo.App.ProyectoFutbolSpringApplicationTests" time="1.992">
    <system-out><![CDATA[16:13:57.137 [main] INFO org.springframework.test.context.support.AnnotationConfigContextLoaderUtils -- Could not detect default configuration classes for test class [com.FutbolCrud.demo.App.ProyectoFutbolSpringApplicationTests]: ProyectoFutbolSpringApplicationTests does not declare any static, non-private, non-final, nested classes annotated with @Configuration.
16:13:57.322 [main] INFO org.springframework.boot.test.context.SpringBootTestContextBootstrapper -- Found @SpringBootConfiguration com.FutbolCrud.demo.App.ProyectoFutbolSpringApplication for test class com.FutbolCrud.demo.App.ProyectoFutbolSpringApplicationTests
16:13:57.628 [main] INFO org.springframework.boot.devtools.restart.RestartApplicationListener -- Restart disabled due to context in which it is running

  .   ____          _            __ _ _
 /\\ / ___'_ __ _ _(_)_ __  __ _ \ \ \ \
( ( )\___ | '_ | '_| | '_ \/ _` | \ \ \ \
 \\/  ___)| |_)| | | | | || (_| |  ) ) ) )
  '  |____| .__|_| |_|_| |_\__, | / / / /
 =========|_|==============|___/=/_/_/_/
 :: Spring Boot ::                (v3.2.4)

2024-10-13T16:13:58.012-05:00  INFO 4612 --- [FutbolCrud] [           main] d.A.ProyectoFutbolSpringApplicationTests : Starting ProyectoFutbolSpringApplicationTests using Java 17.0.10 with PID 4612 (started by HP in C:\TrabajosSpringMarlon\Futbolcrud\FutbolCrud)
2024-10-13T16:13:58.014-05:00  INFO 4612 --- [FutbolCrud] [           main] d.A.ProyectoFutbolSpringApplicationTests : No active profile set, falling back to 1 default profile: "default"
2024-10-13T16:13:58.950-05:00  INFO 4612 --- [FutbolCrud] [           main] .s.d.r.c.RepositoryConfigurationDelegate : Bootstrapping Spring Data MongoDB repositories in DEFAULT mode.
2024-10-13T16:13:59.067-05:00  INFO 4612 --- [FutbolCrud] [           main] .s.d.r.c.RepositoryConfigurationDelegate : Finished Spring Data repository scanning in 102 ms. Found 5 MongoDB repository interfaces.
2024-10-13T16:14:00.889-05:00  INFO 4612 --- [FutbolCrud] [           main] org.mongodb.driver.client                : MongoClient with metadata {"driver": {"name": "mongo-java-driver|sync|spring-boot", "version": "4.11.1"}, "os": {"type": "Windows", "name": "Windows 11", "architecture": "amd64", "version": "10.0"}, "platform": "Java/Eclipse Adoptium/17.0.10+7"} created with settings MongoClientSettings{readPreference=primary, writeConcern=WriteConcern{w=null, wTimeout=null ms, journal=null}, retryWrites=true, retryReads=true, readConcern=ReadConcern{level=null}, credential=MongoCredential{mechanism=null, userName='marlon', source='admin', password=<hidden>, mechanismProperties=<hidden>}, transportSettings=null, streamFactoryFactory=null, commandListeners=[], codecRegistry=ProvidersCodecRegistry{codecProviders=[ValueCodecProvider{}, BsonValueCodecProvider{}, DBRefCodecProvider{}, DBObjectCodecProvider{}, DocumentCodecProvider{}, CollectionCodecProvider{}, IterableCodecProvider{}, MapCodecProvider{}, GeoJsonCodecProvider{}, GridFSFileCodecProvider{}, Jsr310CodecProvider{}, JsonObjectCodecProvider{}, BsonCodecProvider{}, EnumCodecProvider{}, com.mongodb.client.model.mql.ExpressionCodecProvider@33f2cfda, com.mongodb.Jep395RecordCodecProvider@68ef01a5, com.mongodb.KotlinCodecProvider@59a2388e]}, loggerSettings=LoggerSettings{maxDocumentLength=1000}, clusterSettings={hosts=[127.0.0.1:27017], srvHost=cluster0.l5bsu.mongodb.net, srvServiceName=mongodb, mode=MULTIPLE, requiredClusterType=REPLICA_SET, requiredReplicaSetName='atlas-fc3i6s-shard-0', serverSelector='null', clusterListeners='[]', serverSelectionTimeout='30000 ms', localThreshold='15 ms'}, socketSettings=SocketSettings{connectTimeoutMS=10000, readTimeoutMS=0, receiveBufferSize=0, proxySettings=ProxySettings{host=null, port=null, username=null, password=null}}, heartbeatSocketSettings=SocketSettings{connectTimeoutMS=10000, readTimeoutMS=10000, receiveBufferSize=0, proxySettings=ProxySettings{host=null, port=null, username=null, password=null}}, connectionPoolSettings=ConnectionPoolSettings{maxSize=100, minSize=0, maxWaitTimeMS=120000, maxConnectionLifeTimeMS=0, maxConnectionIdleTimeMS=0, maintenanceInitialDelayMS=0, maintenanceFrequencyMS=60000, connectionPoolListeners=[], maxConnecting=2}, serverSettings=ServerSettings{heartbeatFrequencyMS=10000, minHeartbeatFrequencyMS=500, serverListeners='[]', serverMonitorListeners='[]'}, sslSettings=SslSettings{enabled=true, invalidHostNameAllowed=false, context=null}, applicationName='null', compressorList=[], uuidRepresentation=JAVA_LEGACY, serverApi=null, autoEncryptionSettings=null, dnsClient=null, inetAddressResolver=null, contextProvider=null}
2024-10-13T16:14:01.936-05:00  INFO 4612 --- [FutbolCrud] [bsu.mongodb.net] org.mongodb.driver.cluster               : Adding discovered server cluster0-shard-00-02.l5bsu.mongodb.net:27017 to client view of cluster
2024-10-13T16:14:01.995-05:00  INFO 4612 --- [FutbolCrud] [bsu.mongodb.net] org.mongodb.driver.cluster               : Adding discovered server cluster0-shard-00-01.l5bsu.mongodb.net:27017 to client view of cluster
2024-10-13T16:14:02.001-05:00  INFO 4612 --- [FutbolCrud] [bsu.mongodb.net] org.mongodb.driver.cluster               : Adding discovered server cluster0-shard-00-00.l5bsu.mongodb.net:27017 to client view of cluster
2024-10-13T16:14:03.889-05:00  INFO 4612 --- [FutbolCrud] [           main] o.s.b.a.w.s.WelcomePageHandlerMapping    : Adding welcome page template: index
2024-10-13T16:14:04.069-05:00  INFO 4612 --- [FutbolCrud] [ngodb.net:27017] org.mongodb.driver.cluster               : Monitor thread successfully connected to server with description ServerDescription{address=cluster0-shard-00-01.l5bsu.mongodb.net:27017, type=REPLICA_SET_SECONDARY, state=CONNECTED, ok=true, minWireVersion=0, maxWireVersion=21, maxDocumentSize=16777216, logicalSessionTimeoutMinutes=30, roundTripTimeNanos=1211223600, setName='atlas-fc3i6s-shard-0', canonicalAddress=cluster0-shard-00-01.l5bsu.mongodb.net:27017, hosts=[cluster0-shard-00-01.l5bsu.mongodb.net:27017, cluster0-shard-00-00.l5bsu.mongodb.net:27017, cluster0-shard-00-02.l5bsu.mongodb.net:27017], passives=[], arbiters=[], primary='cluster0-shard-00-02.l5bsu.mongodb.net:27017', tagSet=TagSet{[Tag{name='availabilityZone', value='use1-az1'}, Tag{name='diskState', value='READY'}, Tag{name='nodeType', value='ELECTABLE'}, Tag{name='provider', value='AWS'}, Tag{name='region', value='US_EAST_1'}, Tag{name='workloadType', value='OPERATIONAL'}]}, electionId=null, setVersion=89, topologyVersion=TopologyVersion{processId=670c32009976e7d97933fe9f, counter=5}, lastWriteDate=Sun Oct 13 16:14:03 COT 2024, lastUpdateTimeNanos=23695642911700}
2024-10-13T16:14:04.069-05:00  INFO 4612 --- [FutbolCrud] [ngodb.net:27017] org.mongodb.driver.cluster               : Monitor thread successfully connected to server with description ServerDescription{address=cluster0-shard-00-02.l5bsu.mongodb.net:27017, type=REPLICA_SET_PRIMARY, state=CONNECTED, ok=true, minWireVersion=0, maxWireVersion=21, maxDocumentSize=16777216, logicalSessionTimeoutMinutes=30, roundTripTimeNanos=1211332000, setName='atlas-fc3i6s-shard-0', canonicalAddress=cluster0-shard-00-02.l5bsu.mongodb.net:27017, hosts=[cluster0-shard-00-01.l5bsu.mongodb.net:27017, cluster0-shard-00-00.l5bsu.mongodb.net:27017, cluster0-shard-00-02.l5bsu.mongodb.net:27017], passives=[], arbiters=[], primary='cluster0-shard-00-02.l5bsu.mongodb.net:27017', tagSet=TagSet{[Tag{name='availabilityZone', value='use1-az2'}, Tag{name='diskState', value='READY'}, Tag{name='nodeType', value='ELECTABLE'}, Tag{name='provider', value='AWS'}, Tag{name='region', value='US_EAST_1'}, Tag{name='workloadType', value='OPERATIONAL'}]}, electionId=7fffffff0000000000000150, setVersion=89, topologyVersion=TopologyVersion{processId=670c2ff806c55b023a421521, counter=9}, lastWriteDate=Sun Oct 13 16:14:03 COT 2024, lastUpdateTimeNanos=23695643024600}
2024-10-13T16:14:04.069-05:00  INFO 4612 --- [FutbolCrud] [ngodb.net:27017] org.mongodb.driver.cluster               : Monitor thread successfully connected to server with description ServerDescription{address=cluster0-shard-00-00.l5bsu.mongodb.net:27017, type=REPLICA_SET_SECONDARY, state=CONNECTED, ok=true, minWireVersion=0, maxWireVersion=21, maxDocumentSize=16777216, logicalSessionTimeoutMinutes=30, roundTripTimeNanos=1211216700, setName='atlas-fc3i6s-shard-0', canonicalAddress=cluster0-shard-00-00.l5bsu.mongodb.net:27017, hosts=[cluster0-shard-00-01.l5bsu.mongodb.net:27017, cluster0-shard-00-00.l5bsu.mongodb.net:27017, cluster0-shard-00-02.l5bsu.mongodb.net:27017], passives=[], arbiters=[], primary='cluster0-shard-00-02.l5bsu.mongodb.net:27017', tagSet=TagSet{[Tag{name='availabilityZone', value='use1-az6'}, Tag{name='diskState', value='READY'}, Tag{name='nodeType', value='ELECTABLE'}, Tag{name='provider', value='AWS'}, Tag{name='region', value='US_EAST_1'}, Tag{name='workloadType', value='OPERATIONAL'}]}, electionId=null, setVersion=89, topologyVersion=TopologyVersion{processId=670c30ce484fc05766825823, counter=5}, lastWriteDate=Sun Oct 13 16:14:03 COT 2024, lastUpdateTimeNanos=23695642911900}
2024-10-13T16:14:04.085-05:00  INFO 4612 --- [FutbolCrud] [ngodb.net:27017] org.mongodb.driver.cluster               : Discovered replica set primary cluster0-shard-00-02.l5bsu.mongodb.net:27017 with max election id 7fffffff0000000000000150 and max set version 89
2024-10-13T16:14:05.082-05:00  INFO 4612 --- [FutbolCrud] [           main] d.A.ProyectoFutbolSpringApplicationTests : Started ProyectoFutbolSpringApplicationTests in 7.471 seconds (process running for 9.252)
]]></system-out>
  </testcase>
</testsuite>